<?xml version="1.0" encoding="UTF-8"?>
<testsuites>
  <testsuite id="0" name="A:\sample Projects\wings-reactnode-matchschedules1\NodeJS\test\index.test.js" errors="0" package="A:\sample Projects\wings-reactnode-matchschedules1\NodeJS\test\index.test.js" hostname="localhost" tests="7" failures="0" time="4.439" timestamp="2023-06-06T06:57:19">
    <properties>
    </properties>
    <testcase classname="View all the fixtures" name="View all the fixtures" time="0">
    </testcase>
    <testcase classname="View all the fixtures from a venue" name="View all the fixtures from a venue" time="0">
    </testcase>
    <testcase classname="View all the fixtures from a start date" name="View all the fixtures from a start date" time="0">
    </testcase>
    <testcase classname="View all the fixtures till the end date" name="View all the fixtures till the end date" time="0">
    </testcase>
    <testcase classname="View all the fixtures till the end date" name="View all the fixtures till the end date" time="0">
    </testcase>
    <testcase classname="Insert a fixture" name="Insert a fixture" time="0">
    </testcase>
    <testcase classname="Insert a fixture" name="Insert a fixture" time="0">
    </testcase>
    <system-out/>
    <system-err/>
  </testsuite>
</testsuites>